<?xml version="1.0" encoding="UTF-8"?>
<!-- Generated by org.testng.reporters.JUnitXMLReporter -->
<testsuite hostname="DESKTOP-KJC6B92" name="Test" tests="3" failures="0" timestamp="17 Nov 2023 10:38:22 GMT" time="17.941" errors="0">
  <testcase name="performEditAccTest" time="1.269" classname="edit_acc_test.EditAccTest1"/>
  <testcase name="performEditAddrTest" time="5.543" classname="edit_acc_test.EditAddrTest"/>
  <testcase name="performEditPassTest" time="5.296" classname="edit_acc_test.EditPassTest"/>
</testsuite> <!-- Test -->
